<?xml version="1.0" encoding="UTF-8"?>
<testng-results skipped="0" failed="0" ignored="0" total="1" passed="1">
  <reporter-output>
  </reporter-output>
  <suite name="Default suite" duration-ms="18525" started-at="2019-03-05T08:38:44Z" finished-at="2019-03-05T08:39:03Z">
    <groups>
    </groups>
    <test name="Default test" duration-ms="18525" started-at="2019-03-05T08:38:44Z" finished-at="2019-03-05T08:39:03Z">
      <class name="browsertest.AppiumCommandLine">
        <test-method status="PASS" signature="setUp()[pri:0, instance:browsertest.AppiumCommandLine@239963d8]" name="setUp" is-config="true" duration-ms="13778" started-at="2019-03-05T08:38:44Z" finished-at="2019-03-05T08:38:58Z">
          <reporter-output>
          </reporter-output>
        </test-method> <!-- setUp -->
        <test-method status="PASS" signature="testcase01()[pri:0, instance:browsertest.AppiumCommandLine@239963d8]" name="testcase01" duration-ms="4732" started-at="2019-03-05T08:38:58Z" finished-at="2019-03-05T08:39:03Z">
          <reporter-output>
          </reporter-output>
        </test-method> <!-- testcase01 -->
      </class> <!-- browsertest.AppiumCommandLine -->
    </test> <!-- Default test -->
  </suite> <!-- Default suite -->
</testng-results>
